DB URL length: 143
DASHSCOPE key length: 35
BLOB token length: 62
(node:938254) Warning: SECURITY WARNING: The SSL modes 'prefer', 'require', and 'verify-ca' are treated as aliases for 'verify-full'.
In the next major version (pg-connection-string v3.0.0 and pg v9.0.0), these modes will adopt standard libpq semantics, which have weaker security guarantees.

To prepare for this change:
- If you want the current behavior, explicitly use 'sslmode=verify-full'
- If you want libpq compatibility now, use 'uselibpqcompat=true&sslmode=require'

See https://www.postgresql.org/docs/current/libpq-ssl.html for libpq SSL mode definitions.
(Use `node --trace-warnings ...` to show where the warning was created)

=== Article Covers: 602 articles, concurrency=8 ===
DEBUG TOKEN: vcp_48PYQ9 | CMD: vercel blob put "/tmp/img-1779773927668-si0d9rzmejc.png" --pathname "covers/electronnexus/v2/7-hidde
  10/602 | OK=10 FAIL=0 | 16s | 0.6/s
  20/602 | OK=20 FAIL=0 | 31s | 0.6/s
  30/602 | OK=30 FAIL=0 | 42s | 0.7/s
  40/602 | OK=40 FAIL=0 | 51s | 0.8/s
  50/602 | OK=50 FAIL=0 | 62s | 0.8/s
  60/602 | OK=60 FAIL=0 | 71s | 0.8/s
  70/602 | OK=70 FAIL=0 | 81s | 0.9/s
  80/602 | OK=80 FAIL=0 | 92s | 0.9/s
  90/602 | OK=90 FAIL=0 | 104s | 0.9/s
  100/602 | OK=100 FAIL=0 | 114s | 0.9/s
  110/602 | OK=110 FAIL=0 | 123s | 0.9/s
  120/602 | OK=120 FAIL=0 | 136s | 0.9/s
  130/602 | OK=130 FAIL=0 | 146s | 0.9/s
  140/602 | OK=140 FAIL=0 | 155s | 0.9/s
  150/602 | OK=150 FAIL=0 | 165s | 0.9/s
  160/602 | OK=160 FAIL=0 | 177s | 0.9/s
  170/602 | OK=170 FAIL=0 | 189s | 0.9/s
  180/602 | OK=180 FAIL=0 | 199s | 0.9/s
  190/602 | OK=190 FAIL=0 | 210s | 0.9/s
  200/602 | OK=200 FAIL=0 | 222s | 0.9/s
  210/602 | OK=210 FAIL=0 | 233s | 0.9/s
  220/602 | OK=220 FAIL=0 | 246s | 0.9/s
  230/602 | OK=230 FAIL=0 | 257s | 0.9/s
  240/602 | OK=240 FAIL=0 | 268s | 0.9/s
  250/602 | OK=250 FAIL=0 | 282s | 0.9/s
  260/602 | OK=260 FAIL=0 | 292s | 0.9/s
  270/602 | OK=270 FAIL=0 | 305s | 0.9/s
  280/602 | OK=280 FAIL=0 | 315s | 0.9/s
  290/602 | OK=290 FAIL=0 | 330s | 0.9/s
  300/602 | OK=300 FAIL=0 | 339s | 0.9/s
  310/602 | OK=310 FAIL=0 | 348s | 0.9/s
  320/602 | OK=320 FAIL=0 | 363s | 0.9/s
  330/602 | OK=330 FAIL=0 | 376s | 0.9/s
  340/602 | OK=340 FAIL=0 | 388s | 0.9/s
  350/602 | OK=350 FAIL=0 | 400s | 0.9/s
  360/602 | OK=360 FAIL=0 | 412s | 0.9/s
  370/602 | OK=370 FAIL=0 | 424s | 0.9/s
  380/602 | OK=380 FAIL=0 | 436s | 0.9/s
  390/602 | OK=390 FAIL=0 | 447s | 0.9/s
  400/602 | OK=400 FAIL=0 | 457s | 0.9/s
  410/602 | OK=410 FAIL=0 | 468s | 0.9/s
  420/602 | OK=420 FAIL=0 | 479s | 0.9/s
  430/602 | OK=430 FAIL=0 | 491s | 0.9/s
  440/602 | OK=440 FAIL=0 | 499s | 0.9/s
  450/602 | OK=450 FAIL=0 | 511s | 0.9/s
  460/602 | OK=460 FAIL=0 | 522s | 0.9/s
  470/602 | OK=470 FAIL=0 | 531s | 0.9/s
  480/602 | OK=480 FAIL=0 | 541s | 0.9/s
  490/602 | OK=490 FAIL=0 | 553s | 0.9/s
  500/602 | OK=500 FAIL=0 | 563s | 0.9/s
  510/602 | OK=510 FAIL=0 | 573s | 0.9/s
  520/602 | OK=520 FAIL=0 | 583s | 0.9/s
  530/602 | OK=530 FAIL=0 | 594s | 0.9/s
  540/602 | OK=540 FAIL=0 | 604s | 0.9/s
  550/602 | OK=550 FAIL=0 | 615s | 0.9/s
  560/602 | OK=560 FAIL=0 | 626s | 0.9/s
  570/602 | OK=570 FAIL=0 | 636s | 0.9/s
  580/602 | OK=580 FAIL=0 | 648s | 0.9/s
  590/602 | OK=590 FAIL=0 | 657s | 0.9/s
  600/602 | OK=600 FAIL=0 | 668s | 0.9/s
  602/602 | OK=602 FAIL=0 | 669s | 0.9/s

Done: 602 OK, 0 failed in 669s
